

短信验证码发送接口
-------------------------------------------
请求方法： default/verifycode    POST
请求参数：
phone: "有效电话"
code_type:"USER_VERFIY_CODE" //默认 可空
返回：标准返回
{
code:200,
message:success,
data:[
'captcha':'666666'//验证码
]
}

#################################################################################

验证码校验接口
--------------------------------------------
请求方法： default/checkverifycode     POST
请求参数：
phone: "有效电话"
code_type:"USER_VERFIY_CODE" //默认 可空
captcha:'验证码'
返回：标准返回


#################################################################################

登录认证
--------------------------------------------
请求方法： default/login     POST
请求参数：
phone: "有效电话"
captcha:'验证码'
返回：标准返回
{
code:200,
message:success,
data:[
'member_id':'用户编号',
'open_id':'openid',
'token':'全局token'
 ....
 ....
]
}