


理赔申请提交接口
-------------------------------------------
请求方法： maintain/index          POST
请求参数：
order_id: "订单号"
phone_img:"相对路径"
face_image:"相对路径"    手机背面图
id_back_image:"相对路径"  身份证背面图
id_face_image:"相对路径"  身份证正面图
mark:''//可空
返回：标准返回

########################################################################


理赔申请问题选择
-------------------------------------------
请求方法： maintain/problem       GET
请求参数：无
返回:
{
    "code": 200,
    "message": "Success",
    "data": [
        "屏幕碎裂手机能正常使用",
        "屏幕碎裂手机无法正常使用"
    ]
}
